2025-06-27 15:04:29 | ERROR    | __main__:main:86 - ë´‡ ì‹¤í–‰ ì¤‘ ì˜¤ë¥˜ ë°œìƒ: invalid literal for int() with base 10: '5  # í•œ ë²ˆì— ë³´ë‚¼ ë‰´ìŠ¤ ê°œìˆ˜'
2025-06-27 15:05:45 | ERROR    | __main__:main:86 - ë´‡ ì‹¤í–‰ ì¤‘ ì˜¤ë¥˜ ë°œìƒ: invalid literal for int() with base 10: '5  # í•œ ë²ˆì— ë³´ë‚¼ ë‰´ìŠ¤ ê°œìˆ˜'
2025-06-27 15:06:20 | ERROR    | __main__:main:86 - ë´‡ ì‹¤í–‰ ì¤‘ ì˜¤ë¥˜ ë°œìƒ: invalid literal for int() with base 10: '5  # í•œ ë²ˆì— ë³´ë‚¼ ë‰´ìŠ¤ ê°œìˆ˜'
2025-06-27 15:06:41 | INFO     | src.bot.telegram_bot:_setup_handlers:55 - í•¸ë“¤ëŸ¬ ì„¤ì • ì™„ë£Œ
2025-06-27 15:06:41 | INFO     | src.bot.telegram_bot:__init__:40 - StockNewsBot ì´ˆê¸°í™” ì™„ë£Œ
2025-06-27 15:06:41 | INFO     | __main__:main:79 - ë´‡ ì´ˆê¸°í™” ì™„ë£Œ, ì‹¤í–‰ ì¤‘...
2025-06-27 15:06:41 | INFO     | src.bot.telegram_bot:run:300 - StockNewsBot ì‹œìž‘...
2025-06-27 15:06:41 | ERROR    | __main__:main:86 - ë´‡ ì‹¤í–‰ ì¤‘ ì˜¤ë¥˜ ë°œìƒ: Cannot close a running event loop
2025-06-27 15:07:02 | INFO     | src.bot.telegram_bot:_setup_handlers:55 - í•¸ë“¤ëŸ¬ ì„¤ì • ì™„ë£Œ
2025-06-27 15:07:02 | INFO     | src.bot.telegram_bot:__init__:40 - StockNewsBot ì´ˆê¸°í™” ì™„ë£Œ
2025-06-27 15:07:02 | INFO     | __main__:main:79 - ë´‡ ì´ˆê¸°í™” ì™„ë£Œ, ì‹¤í–‰ ì¤‘...
2025-06-27 15:07:02 | INFO     | src.bot.telegram_bot:run:300 - StockNewsBot ì‹œìž‘...
2025-06-27 15:07:07 | ERROR    | __main__:main:86 - ë´‡ ì‹¤í–‰ ì¤‘ ì˜¤ë¥˜ ë°œìƒ: 'Updater' object has no attribute 'idle'
2025-06-27 15:07:19 | INFO     | src.bot.telegram_bot:_setup_handlers:55 - í•¸ë“¤ëŸ¬ ì„¤ì • ì™„ë£Œ
2025-06-27 15:07:19 | INFO     | src.bot.telegram_bot:__init__:40 - StockNewsBot ì´ˆê¸°í™” ì™„ë£Œ
2025-06-27 15:07:19 | INFO     | __main__:main:79 - ë´‡ ì´ˆê¸°í™” ì™„ë£Œ, ì‹¤í–‰ ì¤‘...
2025-06-27 15:07:19 | INFO     | src.bot.telegram_bot:run:300 - StockNewsBot ì‹œìž‘...
2025-06-27 15:07:21 | ERROR    | __main__:main:86 - ë´‡ ì‹¤í–‰ ì¤‘ ì˜¤ë¥˜ ë°œìƒ: 'Updater' object has no attribute 'idle'
2025-06-27 15:07:39 | INFO     | src.bot.telegram_bot:_setup_handlers:55 - í•¸ë“¤ëŸ¬ ì„¤ì • ì™„ë£Œ
2025-06-27 15:07:39 | INFO     | src.bot.telegram_bot:__init__:40 - StockNewsBot ì´ˆê¸°í™” ì™„ë£Œ
2025-06-27 15:07:39 | INFO     | __main__:main:79 - ë´‡ ì´ˆê¸°í™” ì™„ë£Œ, ì‹¤í–‰ ì¤‘...
2025-06-27 15:07:39 | INFO     | src.bot.telegram_bot:run:300 - StockNewsBot ì‹œìž‘...
2025-06-27 15:07:39 | ERROR    | __main__:main:86 - ë´‡ ì‹¤í–‰ ì¤‘ ì˜¤ë¥˜ ë°œìƒ: This event loop is already running
2025-06-27 15:08:12 | INFO     | src.bot.telegram_bot:_setup_handlers:55 - í•¸ë“¤ëŸ¬ ì„¤ì • ì™„ë£Œ
2025-06-27 15:08:12 | INFO     | src.bot.telegram_bot:__init__:40 - StockNewsBot ì´ˆê¸°í™” ì™„ë£Œ
2025-06-27 15:08:12 | INFO     | __main__:main:79 - ë´‡ ì´ˆê¸°í™” ì™„ë£Œ, ì‹¤í–‰ ì¤‘...
2025-06-27 15:10:53 | INFO     | src.bot.telegram_bot:_setup_handlers:55 - í•¸ë“¤ëŸ¬ ì„¤ì • ì™„ë£Œ
2025-06-27 15:10:53 | INFO     | src.bot.telegram_bot:__init__:40 - StockNewsBot ì´ˆê¸°í™” ì™„ë£Œ
2025-06-27 15:10:53 | INFO     | __main__:main:79 - ë´‡ ì´ˆê¸°í™” ì™„ë£Œ, ì‹¤í–‰ ì¤‘...
2025-06-27 15:11:34 | INFO     | src.bot.telegram_bot:start_command:83 - ì‚¬ìš©ìž 6471017960 ë´‡ ì‹œìž‘
2025-06-27 15:11:50 | INFO     | src.bot.telegram_bot:news_command:123 - ì‚¬ìš©ìž 6471017960ì—ê²Œ ë‰´ìŠ¤ ì¹´ë“œ ì „ì†¡
2025-06-27 15:20:20 | INFO     | src.bot.telegram_bot:_setup_handlers:54 - í•¸ë“¤ëŸ¬ ì„¤ì • ì™„ë£Œ
2025-06-27 15:20:20 | INFO     | src.bot.telegram_bot:__init__:39 - StockNewsBot ì´ˆê¸°í™” ì™„ë£Œ
2025-06-27 15:20:20 | INFO     | __main__:main:79 - ë´‡ ì´ˆê¸°í™” ì™„ë£Œ, ì‹¤í–‰ ì¤‘...
2025-06-27 15:21:30 | INFO     | src.bot.telegram_bot:news_command:122 - ì‚¬ìš©ìž 6471017960ì—ê²Œ ë‰´ìŠ¤ ì¹´ë“œ ì „ì†¡
2025-06-27 15:24:24 | INFO     | src.bot.telegram_bot:_setup_handlers:54 - í•¸ë“¤ëŸ¬ ì„¤ì • ì™„ë£Œ
2025-06-27 15:24:24 | INFO     | src.bot.telegram_bot:__init__:39 - StockNewsBot ì´ˆê¸°í™” ì™„ë£Œ
2025-06-27 15:24:24 | INFO     | __main__:main:79 - ë´‡ ì´ˆê¸°í™” ì™„ë£Œ, ì‹¤í–‰ ì¤‘...
2025-06-27 15:26:19 | INFO     | src.bot.telegram_bot:_setup_handlers:54 - í•¸ë“¤ëŸ¬ ì„¤ì • ì™„ë£Œ
2025-06-27 15:26:19 | INFO     | src.bot.telegram_bot:__init__:39 - StockNewsBot ì´ˆê¸°í™” ì™„ë£Œ
2025-06-27 15:26:19 | INFO     | __main__:main:79 - ë´‡ ì´ˆê¸°í™” ì™„ë£Œ, ì‹¤í–‰ ì¤‘...
2025-06-27 15:28:49 | INFO     | src.crawler.news_crawler:_crawl_naver_finance:138 - RSSì—ì„œ 0ê°œ ë‰´ìŠ¤ ìˆ˜ì§‘
2025-06-27 15:28:49 | WARNING  | src.bot.telegram_bot:_get_latest_news:224 - í¬ë¡¤ëŸ¬ì—ì„œ ë‰´ìŠ¤ë¥¼ ê°€ì ¸ì˜¤ì§€ ëª»í•¨, ëŒ€ì²´ ë‰´ìŠ¤ ì‚¬ìš©
2025-06-27 15:28:50 | INFO     | src.bot.telegram_bot:news_command:122 - ì‚¬ìš©ìž 6471017960ì—ê²Œ ë‰´ìŠ¤ ì¹´ë“œ ì „ì†¡
2025-06-27 15:29:39 | INFO     | src.crawler.news_crawler:_crawl_naver_finance:138 - RSSì—ì„œ 0ê°œ ë‰´ìŠ¤ ìˆ˜ì§‘
2025-06-27 15:29:39 | WARNING  | src.bot.telegram_bot:_get_latest_news:224 - í¬ë¡¤ëŸ¬ì—ì„œ ë‰´ìŠ¤ë¥¼ ê°€ì ¸ì˜¤ì§€ ëª»í•¨, ëŒ€ì²´ ë‰´ìŠ¤ ì‚¬ìš©
2025-06-27 15:29:40 | INFO     | src.bot.telegram_bot:button_callback:200 - ì‚¬ìš©ìž 6471017960 ë‰´ìŠ¤ ìƒˆë¡œê³ ì¹¨
2025-06-27 15:32:28 | INFO     | src.bot.telegram_bot:_setup_handlers:54 - í•¸ë“¤ëŸ¬ ì„¤ì • ì™„ë£Œ
2025-06-27 15:32:28 | INFO     | src.bot.telegram_bot:__init__:39 - StockNewsBot ì´ˆê¸°í™” ì™„ë£Œ
2025-06-27 15:32:28 | INFO     | __main__:main:79 - ë´‡ ì´ˆê¸°í™” ì™„ë£Œ, ì‹¤í–‰ ì¤‘...
2025-06-27 15:32:45 | DEBUG    | src.crawler.news_crawler:_crawl_naver_finance:100 - '.news_area a' ì…€ë ‰í„°ë¡œ 7ê°œ ë‰´ìŠ¤ ë°œê²¬
2025-06-27 15:32:45 | INFO     | src.crawler.news_crawler:_crawl_naver_finance:149 - ë„¤ì´ë²„ ì¦ê¶Œì—ì„œ 5ê°œ ë‰´ìŠ¤ ìˆ˜ì§‘
2025-06-27 15:32:45 | INFO     | src.bot.telegram_bot:_get_latest_news:221 - í¬ë¡¤ëŸ¬ì—ì„œ 5ê°œ ë‰´ìŠ¤ ìˆ˜ì§‘ë¨
2025-06-27 15:32:46 | INFO     | src.bot.telegram_bot:news_command:122 - ì‚¬ìš©ìž 6471017960ì—ê²Œ ë‰´ìŠ¤ ì¹´ë“œ ì „ì†¡
2025-06-27 15:35:38 | INFO     | src.bot.telegram_bot:_setup_handlers:54 - í•¸ë“¤ëŸ¬ ì„¤ì • ì™„ë£Œ
2025-06-27 15:35:38 | INFO     | src.bot.telegram_bot:__init__:39 - StockNewsBot ì´ˆê¸°í™” ì™„ë£Œ
2025-06-27 15:35:38 | INFO     | __main__:main:79 - ë´‡ ì´ˆê¸°í™” ì™„ë£Œ, ì‹¤í–‰ ì¤‘...
2025-06-27 15:42:06 | DEBUG    | src.crawler.news_crawler:_crawl_naver_finance:101 - 'a[href*="/news/news_read"]' ì…€ë ‰í„°ë¡œ 6ê°œ ë‰´ìŠ¤ ë°œê²¬
2025-06-27 15:42:06 | INFO     | src.crawler.news_crawler:_crawl_naver_finance:170 - ë„¤ì´ë²„ ì¦ê¶Œì—ì„œ 5ê°œ ë‰´ìŠ¤ ìˆ˜ì§‘
2025-06-27 15:42:06 | INFO     | src.bot.telegram_bot:_get_latest_news:221 - í¬ë¡¤ëŸ¬ì—ì„œ 5ê°œ ë‰´ìŠ¤ ìˆ˜ì§‘ë¨
2025-06-27 15:42:07 | INFO     | src.bot.telegram_bot:news_command:122 - ì‚¬ìš©ìž 6471017960ì—ê²Œ ë‰´ìŠ¤ ì¹´ë“œ ì „ì†¡
2025-06-27 15:47:17 | INFO     | src.bot.telegram_bot:_setup_handlers:73 - í•¸ë“¤ëŸ¬ ì„¤ì • ì™„ë£Œ
2025-06-27 15:47:18 | ERROR    | src.bot.telegram_bot:_init_scheduler:52 - ìŠ¤ì¼€ì¤„ëŸ¬ ì´ˆê¸°í™” ì‹¤íŒ¨: No module named 'apscheduler'
2025-06-27 15:47:18 | INFO     | src.bot.telegram_bot:__init__:43 - StockNewsBot ì´ˆê¸°í™” ì™„ë£Œ
2025-06-27 15:47:18 | INFO     | __main__:main:79 - ë´‡ ì´ˆê¸°í™” ì™„ë£Œ, ì‹¤í–‰ ì¤‘...
2025-06-27 15:48:15 | ERROR    | __main__:main:114 - ë´‡ ì‹¤í–‰ ì¤‘ ì˜¤ë¥˜ ë°œìƒ: Event loop is closed
2025-06-27 15:49:33 | INFO     | src.bot.telegram_bot:_init_scheduler:56 - ë‰´ìŠ¤ ìŠ¤ì¼€ì¤„ëŸ¬ ì´ˆê¸°í™” ì™„ë£Œ
2025-06-27 15:49:33 | INFO     | src.bot.telegram_bot:_setup_handlers:91 - í•¸ë“¤ëŸ¬ ì„¤ì • ì™„ë£Œ
2025-06-27 15:49:33 | INFO     | src.bot.telegram_bot:__init__:49 - StockNewsBot ì´ˆê¸°í™” ì™„ë£Œ
2025-06-27 15:49:33 | INFO     | __main__:main:79 - ë´‡ ì´ˆê¸°í™” ì™„ë£Œ, ì‹¤í–‰ ì¤‘...
2025-06-27 15:49:34 | INFO     | src.utils.scheduler:_setup_default_schedules:56 - ë‰´ìŠ¤ ì „ì†¡ ìŠ¤ì¼€ì¤„ ì¶”ê°€: 09:00
2025-06-27 15:49:34 | INFO     | src.utils.scheduler:_setup_default_schedules:56 - ë‰´ìŠ¤ ì „ì†¡ ìŠ¤ì¼€ì¤„ ì¶”ê°€: 12:00
2025-06-27 15:49:34 | INFO     | src.utils.scheduler:_setup_default_schedules:56 - ë‰´ìŠ¤ ì „ì†¡ ìŠ¤ì¼€ì¤„ ì¶”ê°€: 15:00
2025-06-27 15:49:34 | INFO     | src.utils.scheduler:_setup_default_schedules:56 - ë‰´ìŠ¤ ì „ì†¡ ìŠ¤ì¼€ì¤„ ì¶”ê°€: 18:00
2025-06-27 15:49:34 | INFO     | src.utils.scheduler:start:33 - ë‰´ìŠ¤ ìŠ¤ì¼€ì¤„ëŸ¬ ì‹œìž‘ë¨
2025-06-27 15:49:34 | INFO     | src.bot.telegram_bot:_post_init:64 - ë‰´ìŠ¤ ìŠ¤ì¼€ì¤„ëŸ¬ ì‹œìž‘ë¨
2025-06-27 15:50:54 | INFO     | src.bot.telegram_bot:_init_scheduler:56 - ë‰´ìŠ¤ ìŠ¤ì¼€ì¤„ëŸ¬ ì´ˆê¸°í™” ì™„ë£Œ
2025-06-27 15:50:54 | INFO     | src.bot.telegram_bot:_setup_handlers:91 - í•¸ë“¤ëŸ¬ ì„¤ì • ì™„ë£Œ
2025-06-27 15:50:54 | INFO     | src.bot.telegram_bot:__init__:49 - StockNewsBot ì´ˆê¸°í™” ì™„ë£Œ
2025-06-27 15:50:54 | INFO     | __main__:main:79 - ë´‡ ì´ˆê¸°í™” ì™„ë£Œ, ì‹¤í–‰ ì¤‘...
2025-06-27 15:50:55 | INFO     | src.utils.scheduler:_setup_default_schedules:57 - ðŸ§ª í…ŒìŠ¤íŠ¸ ëª¨ë“œ: í˜„ìž¬ ì‹œê°„ 15:50ì—ì„œ 1ë¶„, 2ë¶„, 3ë¶„ í›„ ì•Œë¦¼ ì„¤ì •
2025-06-27 15:50:55 | INFO     | src.utils.scheduler:_setup_default_schedules:68 - ðŸ”” í…ŒìŠ¤íŠ¸ ì•Œë¦¼ ìŠ¤ì¼€ì¤„ ì¶”ê°€: 15:51 (1ë¶„ í›„)
2025-06-27 15:50:55 | INFO     | src.utils.scheduler:_setup_default_schedules:68 - ðŸ”” í…ŒìŠ¤íŠ¸ ì•Œë¦¼ ìŠ¤ì¼€ì¤„ ì¶”ê°€: 15:52 (2ë¶„ í›„)
2025-06-27 15:50:55 | INFO     | src.utils.scheduler:_setup_default_schedules:68 - ðŸ”” í…ŒìŠ¤íŠ¸ ì•Œë¦¼ ìŠ¤ì¼€ì¤„ ì¶”ê°€: 15:53 (3ë¶„ í›„)
2025-06-27 15:50:55 | INFO     | src.utils.scheduler:_setup_default_schedules:79 - ðŸ“… ì •ì‹œ ì•Œë¦¼ ìŠ¤ì¼€ì¤„ ì¶”ê°€: 09:00
2025-06-27 15:50:55 | INFO     | src.utils.scheduler:_setup_default_schedules:79 - ðŸ“… ì •ì‹œ ì•Œë¦¼ ìŠ¤ì¼€ì¤„ ì¶”ê°€: 12:00
2025-06-27 15:50:55 | INFO     | src.utils.scheduler:_setup_default_schedules:79 - ðŸ“… ì •ì‹œ ì•Œë¦¼ ìŠ¤ì¼€ì¤„ ì¶”ê°€: 15:00
2025-06-27 15:50:55 | INFO     | src.utils.scheduler:_setup_default_schedules:79 - ðŸ“… ì •ì‹œ ì•Œë¦¼ ìŠ¤ì¼€ì¤„ ì¶”ê°€: 18:00
2025-06-27 15:50:55 | INFO     | src.utils.scheduler:start:33 - ë‰´ìŠ¤ ìŠ¤ì¼€ì¤„ëŸ¬ ì‹œìž‘ë¨
2025-06-27 15:50:55 | INFO     | src.bot.telegram_bot:_post_init:64 - ë‰´ìŠ¤ ìŠ¤ì¼€ì¤„ëŸ¬ ì‹œìž‘ë¨
2025-06-27 15:51:00 | INFO     | src.utils.scheduler:_send_scheduled_news:85 - ìŠ¤ì¼€ì¤„ëœ ë‰´ìŠ¤ ì „ì†¡ ì‹œìž‘: 15:51
2025-06-27 15:51:00 | INFO     | src.utils.scheduler:_get_active_subscribers_for_time:176 - ðŸ“­ í˜„ìž¬ í™œì„±í™”ëœ êµ¬ë…ìžê°€ ì—†ìŠµë‹ˆë‹¤. /notify_on ëª…ë ¹ì–´ë¡œ ì•Œë¦¼ì„ í™œì„±í™”í•˜ì„¸ìš”.
2025-06-27 15:51:00 | INFO     | src.utils.scheduler:_send_scheduled_news:91 - í˜„ìž¬ ì‹œê°„ì— ì•Œë¦¼ì„ ë°›ì„ êµ¬ë…ìžê°€ ì—†ìŠµë‹ˆë‹¤
2025-06-27 15:51:59 | INFO     | src.bot.telegram_bot:_init_scheduler:56 - ë‰´ìŠ¤ ìŠ¤ì¼€ì¤„ëŸ¬ ì´ˆê¸°í™” ì™„ë£Œ
2025-06-27 15:51:59 | INFO     | src.bot.telegram_bot:_setup_handlers:91 - í•¸ë“¤ëŸ¬ ì„¤ì • ì™„ë£Œ
2025-06-27 15:51:59 | INFO     | src.bot.telegram_bot:__init__:49 - StockNewsBot ì´ˆê¸°í™” ì™„ë£Œ
2025-06-27 15:51:59 | INFO     | __main__:main:79 - ë´‡ ì´ˆê¸°í™” ì™„ë£Œ, ì‹¤í–‰ ì¤‘...
2025-06-27 15:52:00 | INFO     | src.utils.scheduler:_setup_default_schedules:57 - ðŸ§ª í…ŒìŠ¤íŠ¸ ëª¨ë“œ: í˜„ìž¬ ì‹œê°„ 15:52ì—ì„œ 1ë¶„, 2ë¶„, 3ë¶„ í›„ ì•Œë¦¼ ì„¤ì •
2025-06-27 15:52:00 | INFO     | src.utils.scheduler:_setup_default_schedules:68 - ðŸ”” í…ŒìŠ¤íŠ¸ ì•Œë¦¼ ìŠ¤ì¼€ì¤„ ì¶”ê°€: 15:53 (1ë¶„ í›„)
2025-06-27 15:52:00 | INFO     | src.utils.scheduler:_setup_default_schedules:68 - ðŸ”” í…ŒìŠ¤íŠ¸ ì•Œë¦¼ ìŠ¤ì¼€ì¤„ ì¶”ê°€: 15:54 (2ë¶„ í›„)
2025-06-27 15:52:00 | INFO     | src.utils.scheduler:_setup_default_schedules:68 - ðŸ”” í…ŒìŠ¤íŠ¸ ì•Œë¦¼ ìŠ¤ì¼€ì¤„ ì¶”ê°€: 15:55 (3ë¶„ í›„)
2025-06-27 15:52:00 | INFO     | src.utils.scheduler:_setup_default_schedules:79 - ðŸ“… ì •ì‹œ ì•Œë¦¼ ìŠ¤ì¼€ì¤„ ì¶”ê°€: 09:00
2025-06-27 15:52:00 | INFO     | src.utils.scheduler:_setup_default_schedules:79 - ðŸ“… ì •ì‹œ ì•Œë¦¼ ìŠ¤ì¼€ì¤„ ì¶”ê°€: 12:00
2025-06-27 15:52:00 | INFO     | src.utils.scheduler:_setup_default_schedules:79 - ðŸ“… ì •ì‹œ ì•Œë¦¼ ìŠ¤ì¼€ì¤„ ì¶”ê°€: 15:00
2025-06-27 15:52:00 | INFO     | src.utils.scheduler:_setup_default_schedules:79 - ðŸ“… ì •ì‹œ ì•Œë¦¼ ìŠ¤ì¼€ì¤„ ì¶”ê°€: 18:00
2025-06-27 15:52:00 | INFO     | src.utils.scheduler:start:33 - ë‰´ìŠ¤ ìŠ¤ì¼€ì¤„ëŸ¬ ì‹œìž‘ë¨
2025-06-27 15:52:00 | INFO     | src.bot.telegram_bot:_post_init:64 - ë‰´ìŠ¤ ìŠ¤ì¼€ì¤„ëŸ¬ ì‹œìž‘ë¨
2025-06-27 15:53:00 | INFO     | src.utils.scheduler:_send_scheduled_news:85 - ìŠ¤ì¼€ì¤„ëœ ë‰´ìŠ¤ ì „ì†¡ ì‹œìž‘: 15:53
2025-06-27 15:53:00 | INFO     | src.utils.scheduler:_get_active_subscribers_for_time:176 - ðŸ“­ í˜„ìž¬ í™œì„±í™”ëœ êµ¬ë…ìžê°€ ì—†ìŠµë‹ˆë‹¤. /notify_on ëª…ë ¹ì–´ë¡œ ì•Œë¦¼ì„ í™œì„±í™”í•˜ì„¸ìš”.
2025-06-27 15:53:00 | INFO     | src.utils.scheduler:_send_scheduled_news:91 - í˜„ìž¬ ì‹œê°„ì— ì•Œë¦¼ì„ ë°›ì„ êµ¬ë…ìžê°€ ì—†ìŠµë‹ˆë‹¤
2025-06-27 15:53:57 | INFO     | src.utils.scheduler:add_subscriber:191 - êµ¬ë…ìž ì¶”ê°€: 6471017960, ì•Œë¦¼ì‹œê°„: ['09:00', '12:00', '15:00', '18:00']
2025-06-27 15:53:58 | INFO     | src.bot.telegram_bot:notify_on_command:293 - ì‚¬ìš©ìž 6471017960 ì•Œë¦¼ í™œì„±í™”
2025-06-27 15:54:00 | INFO     | src.utils.scheduler:_send_scheduled_news:85 - ìŠ¤ì¼€ì¤„ëœ ë‰´ìŠ¤ ì „ì†¡ ì‹œìž‘: 15:54
2025-06-27 15:54:00 | INFO     | src.utils.scheduler:_get_active_subscribers_for_time:174 - ðŸ”” ì•Œë¦¼ ëŒ€ìƒ êµ¬ë…ìž: 1ëª… - [6471017960]
2025-06-27 15:54:00 | DEBUG    | src.crawler.news_crawler:_crawl_naver_finance:101 - 'a[href*="/news/news_read"]' ì…€ë ‰í„°ë¡œ 6ê°œ ë‰´ìŠ¤ ë°œê²¬
2025-06-27 15:54:00 | INFO     | src.crawler.news_crawler:_crawl_naver_finance:170 - ë„¤ì´ë²„ ì¦ê¶Œì—ì„œ 5ê°œ ë‰´ìŠ¤ ìˆ˜ì§‘
2025-06-27 15:54:00 | INFO     | src.utils.scheduler:_send_scheduled_news:113 - ìŠ¤ì¼€ì¤„ëœ ë‰´ìŠ¤ ì „ì†¡ ì™„ë£Œ: 1/1ëª…
2025-06-27 15:55:00 | INFO     | src.utils.scheduler:_send_scheduled_news:85 - ìŠ¤ì¼€ì¤„ëœ ë‰´ìŠ¤ ì „ì†¡ ì‹œìž‘: 15:55
2025-06-27 15:55:00 | INFO     | src.utils.scheduler:_get_active_subscribers_for_time:174 - ðŸ”” ì•Œë¦¼ ëŒ€ìƒ êµ¬ë…ìž: 1ëª… - [6471017960]
2025-06-27 15:55:00 | DEBUG    | src.crawler.news_crawler:_crawl_naver_finance:101 - 'a[href*="/news/news_read"]' ì…€ë ‰í„°ë¡œ 6ê°œ ë‰´ìŠ¤ ë°œê²¬
2025-06-27 15:55:00 | INFO     | src.crawler.news_crawler:_crawl_naver_finance:170 - ë„¤ì´ë²„ ì¦ê¶Œì—ì„œ 5ê°œ ë‰´ìŠ¤ ìˆ˜ì§‘
2025-06-27 15:55:01 | INFO     | src.utils.scheduler:_send_scheduled_news:113 - ìŠ¤ì¼€ì¤„ëœ ë‰´ìŠ¤ ì „ì†¡ ì™„ë£Œ: 1/1ëª…
2025-06-27 15:56:41 | INFO     | src.bot.telegram_bot:_init_scheduler:56 - ë‰´ìŠ¤ ìŠ¤ì¼€ì¤„ëŸ¬ ì´ˆê¸°í™” ì™„ë£Œ
2025-06-27 15:56:41 | INFO     | src.bot.telegram_bot:_setup_handlers:91 - í•¸ë“¤ëŸ¬ ì„¤ì • ì™„ë£Œ
2025-06-27 15:56:41 | INFO     | src.bot.telegram_bot:__init__:49 - StockNewsBot ì´ˆê¸°í™” ì™„ë£Œ
2025-06-27 15:56:41 | INFO     | __main__:main:79 - ë´‡ ì´ˆê¸°í™” ì™„ë£Œ, ì‹¤í–‰ ì¤‘...
2025-06-27 15:56:42 | INFO     | src.utils.scheduler:_setup_default_schedules:64 - ðŸ“… 30ë¶„ ê°„ê²© ë‰´ìŠ¤ ì•Œë¦¼ ìŠ¤ì¼€ì¤„ ì„¤ì • ì¤‘...
2025-06-27 15:56:42 | INFO     | src.utils.scheduler:_setup_default_schedules:75 - â° ë‰´ìŠ¤ ì•Œë¦¼ ìŠ¤ì¼€ì¤„ ì¶”ê°€: 09:00
2025-06-27 15:56:42 | INFO     | src.utils.scheduler:_setup_default_schedules:75 - â° ë‰´ìŠ¤ ì•Œë¦¼ ìŠ¤ì¼€ì¤„ ì¶”ê°€: 09:30
2025-06-27 15:56:42 | INFO     | src.utils.scheduler:_setup_default_schedules:75 - â° ë‰´ìŠ¤ ì•Œë¦¼ ìŠ¤ì¼€ì¤„ ì¶”ê°€: 10:00
2025-06-27 15:56:42 | INFO     | src.utils.scheduler:_setup_default_schedules:75 - â° ë‰´ìŠ¤ ì•Œë¦¼ ìŠ¤ì¼€ì¤„ ì¶”ê°€: 10:30
2025-06-27 15:56:42 | INFO     | src.utils.scheduler:_setup_default_schedules:75 - â° ë‰´ìŠ¤ ì•Œë¦¼ ìŠ¤ì¼€ì¤„ ì¶”ê°€: 11:00
2025-06-27 15:56:42 | INFO     | src.utils.scheduler:_setup_default_schedules:75 - â° ë‰´ìŠ¤ ì•Œë¦¼ ìŠ¤ì¼€ì¤„ ì¶”ê°€: 11:30
2025-06-27 15:56:42 | INFO     | src.utils.scheduler:_setup_default_schedules:75 - â° ë‰´ìŠ¤ ì•Œë¦¼ ìŠ¤ì¼€ì¤„ ì¶”ê°€: 12:00
2025-06-27 15:56:42 | INFO     | src.utils.scheduler:_setup_default_schedules:75 - â° ë‰´ìŠ¤ ì•Œë¦¼ ìŠ¤ì¼€ì¤„ ì¶”ê°€: 12:30
2025-06-27 15:56:42 | INFO     | src.utils.scheduler:_setup_default_schedules:75 - â° ë‰´ìŠ¤ ì•Œë¦¼ ìŠ¤ì¼€ì¤„ ì¶”ê°€: 13:00
2025-06-27 15:56:42 | INFO     | src.utils.scheduler:_setup_default_schedules:75 - â° ë‰´ìŠ¤ ì•Œë¦¼ ìŠ¤ì¼€ì¤„ ì¶”ê°€: 13:30
2025-06-27 15:56:42 | INFO     | src.utils.scheduler:_setup_default_schedules:75 - â° ë‰´ìŠ¤ ì•Œë¦¼ ìŠ¤ì¼€ì¤„ ì¶”ê°€: 14:00
2025-06-27 15:56:42 | INFO     | src.utils.scheduler:_setup_default_schedules:75 - â° ë‰´ìŠ¤ ì•Œë¦¼ ìŠ¤ì¼€ì¤„ ì¶”ê°€: 14:30
2025-06-27 15:56:42 | INFO     | src.utils.scheduler:_setup_default_schedules:75 - â° ë‰´ìŠ¤ ì•Œë¦¼ ìŠ¤ì¼€ì¤„ ì¶”ê°€: 15:00
2025-06-27 15:56:42 | INFO     | src.utils.scheduler:_setup_default_schedules:75 - â° ë‰´ìŠ¤ ì•Œë¦¼ ìŠ¤ì¼€ì¤„ ì¶”ê°€: 15:30
2025-06-27 15:56:42 | INFO     | src.utils.scheduler:_setup_default_schedules:75 - â° ë‰´ìŠ¤ ì•Œë¦¼ ìŠ¤ì¼€ì¤„ ì¶”ê°€: 16:00
2025-06-27 15:56:42 | INFO     | src.utils.scheduler:_setup_default_schedules:75 - â° ë‰´ìŠ¤ ì•Œë¦¼ ìŠ¤ì¼€ì¤„ ì¶”ê°€: 16:30
2025-06-27 15:56:42 | INFO     | src.utils.scheduler:_setup_default_schedules:75 - â° ë‰´ìŠ¤ ì•Œë¦¼ ìŠ¤ì¼€ì¤„ ì¶”ê°€: 17:00
2025-06-27 15:56:42 | INFO     | src.utils.scheduler:_setup_default_schedules:75 - â° ë‰´ìŠ¤ ì•Œë¦¼ ìŠ¤ì¼€ì¤„ ì¶”ê°€: 17:30
2025-06-27 15:56:42 | INFO     | src.utils.scheduler:_setup_default_schedules:75 - â° ë‰´ìŠ¤ ì•Œë¦¼ ìŠ¤ì¼€ì¤„ ì¶”ê°€: 18:00
2025-06-27 15:56:42 | INFO     | src.utils.scheduler:_setup_default_schedules:77 - âœ… ì´ 19ê°œ ì•Œë¦¼ ì‹œê°„ ì„¤ì • ì™„ë£Œ (30ë¶„ ê°„ê²©)
2025-06-27 15:56:42 | INFO     | src.utils.scheduler:start:49 - ë‰´ìŠ¤ ìŠ¤ì¼€ì¤„ëŸ¬ ì‹œìž‘ë¨
2025-06-27 15:56:42 | INFO     | src.bot.telegram_bot:_post_init:64 - ë‰´ìŠ¤ ìŠ¤ì¼€ì¤„ëŸ¬ ì‹œìž‘ë¨
2025-06-27 16:00:00 | INFO     | src.utils.scheduler:_send_scheduled_news:83 - ìŠ¤ì¼€ì¤„ëœ ë‰´ìŠ¤ ì „ì†¡ ì‹œìž‘: 16:00
2025-06-27 16:00:00 | INFO     | src.utils.scheduler:_get_active_subscribers_for_time:174 - ðŸ“­ í˜„ìž¬ í™œì„±í™”ëœ êµ¬ë…ìžê°€ ì—†ìŠµë‹ˆë‹¤. /notify_on ëª…ë ¹ì–´ë¡œ ì•Œë¦¼ì„ í™œì„±í™”í•˜ì„¸ìš”.
2025-06-27 16:00:00 | INFO     | src.utils.scheduler:_send_scheduled_news:89 - í˜„ìž¬ ì‹œê°„ì— ì•Œë¦¼ì„ ë°›ì„ êµ¬ë…ìžê°€ ì—†ìŠµë‹ˆë‹¤
2025-06-27 16:01:11 | INFO     | src.bot.telegram_bot:_init_scheduler:60 - ë‰´ìŠ¤ ìŠ¤ì¼€ì¤„ëŸ¬ ì´ˆê¸°í™” ì™„ë£Œ
2025-06-27 16:01:11 | INFO     | src.bot.telegram_bot:_init_news_monitor:69 - ë‰´ìŠ¤ ëª¨ë‹ˆí„° ì´ˆê¸°í™” ì™„ë£Œ
2025-06-27 16:01:11 | INFO     | src.bot.telegram_bot:_setup_handlers:118 - í•¸ë“¤ëŸ¬ ì„¤ì • ì™„ë£Œ
2025-06-27 16:01:11 | INFO     | src.bot.telegram_bot:__init__:53 - StockNewsBot ì´ˆê¸°í™” ì™„ë£Œ
2025-06-27 16:01:11 | INFO     | __main__:main:79 - ë´‡ ì´ˆê¸°í™” ì™„ë£Œ, ì‹¤í–‰ ì¤‘...
2025-06-27 16:01:12 | INFO     | src.utils.scheduler:_setup_default_schedules:64 - ðŸ“… 30ë¶„ ê°„ê²© ë‰´ìŠ¤ ì•Œë¦¼ ìŠ¤ì¼€ì¤„ ì„¤ì • ì¤‘...
2025-06-27 16:01:12 | INFO     | src.utils.scheduler:_setup_default_schedules:75 - â° ë‰´ìŠ¤ ì•Œë¦¼ ìŠ¤ì¼€ì¤„ ì¶”ê°€: 09:00
2025-06-27 16:01:12 | INFO     | src.utils.scheduler:_setup_default_schedules:75 - â° ë‰´ìŠ¤ ì•Œë¦¼ ìŠ¤ì¼€ì¤„ ì¶”ê°€: 09:30
2025-06-27 16:01:12 | INFO     | src.utils.scheduler:_setup_default_schedules:75 - â° ë‰´ìŠ¤ ì•Œë¦¼ ìŠ¤ì¼€ì¤„ ì¶”ê°€: 10:00
2025-06-27 16:01:12 | INFO     | src.utils.scheduler:_setup_default_schedules:75 - â° ë‰´ìŠ¤ ì•Œë¦¼ ìŠ¤ì¼€ì¤„ ì¶”ê°€: 10:30
2025-06-27 16:01:12 | INFO     | src.utils.scheduler:_setup_default_schedules:75 - â° ë‰´ìŠ¤ ì•Œë¦¼ ìŠ¤ì¼€ì¤„ ì¶”ê°€: 11:00
2025-06-27 16:01:12 | INFO     | src.utils.scheduler:_setup_default_schedules:75 - â° ë‰´ìŠ¤ ì•Œë¦¼ ìŠ¤ì¼€ì¤„ ì¶”ê°€: 11:30
2025-06-27 16:01:12 | INFO     | src.utils.scheduler:_setup_default_schedules:75 - â° ë‰´ìŠ¤ ì•Œë¦¼ ìŠ¤ì¼€ì¤„ ì¶”ê°€: 12:00
2025-06-27 16:01:12 | INFO     | src.utils.scheduler:_setup_default_schedules:75 - â° ë‰´ìŠ¤ ì•Œë¦¼ ìŠ¤ì¼€ì¤„ ì¶”ê°€: 12:30
2025-06-27 16:01:12 | INFO     | src.utils.scheduler:_setup_default_schedules:75 - â° ë‰´ìŠ¤ ì•Œë¦¼ ìŠ¤ì¼€ì¤„ ì¶”ê°€: 13:00
2025-06-27 16:01:12 | INFO     | src.utils.scheduler:_setup_default_schedules:75 - â° ë‰´ìŠ¤ ì•Œë¦¼ ìŠ¤ì¼€ì¤„ ì¶”ê°€: 13:30
2025-06-27 16:01:12 | INFO     | src.utils.scheduler:_setup_default_schedules:75 - â° ë‰´ìŠ¤ ì•Œë¦¼ ìŠ¤ì¼€ì¤„ ì¶”ê°€: 14:00
2025-06-27 16:01:12 | INFO     | src.utils.scheduler:_setup_default_schedules:75 - â° ë‰´ìŠ¤ ì•Œë¦¼ ìŠ¤ì¼€ì¤„ ì¶”ê°€: 14:30
2025-06-27 16:01:12 | INFO     | src.utils.scheduler:_setup_default_schedules:75 - â° ë‰´ìŠ¤ ì•Œë¦¼ ìŠ¤ì¼€ì¤„ ì¶”ê°€: 15:00
2025-06-27 16:01:12 | INFO     | src.utils.scheduler:_setup_default_schedules:75 - â° ë‰´ìŠ¤ ì•Œë¦¼ ìŠ¤ì¼€ì¤„ ì¶”ê°€: 15:30
2025-06-27 16:01:12 | INFO     | src.utils.scheduler:_setup_default_schedules:75 - â° ë‰´ìŠ¤ ì•Œë¦¼ ìŠ¤ì¼€ì¤„ ì¶”ê°€: 16:00
2025-06-27 16:01:12 | INFO     | src.utils.scheduler:_setup_default_schedules:75 - â° ë‰´ìŠ¤ ì•Œë¦¼ ìŠ¤ì¼€ì¤„ ì¶”ê°€: 16:30
2025-06-27 16:01:12 | INFO     | src.utils.scheduler:_setup_default_schedules:75 - â° ë‰´ìŠ¤ ì•Œë¦¼ ìŠ¤ì¼€ì¤„ ì¶”ê°€: 17:00
2025-06-27 16:01:12 | INFO     | src.utils.scheduler:_setup_default_schedules:75 - â° ë‰´ìŠ¤ ì•Œë¦¼ ìŠ¤ì¼€ì¤„ ì¶”ê°€: 17:30
2025-06-27 16:01:12 | INFO     | src.utils.scheduler:_setup_default_schedules:75 - â° ë‰´ìŠ¤ ì•Œë¦¼ ìŠ¤ì¼€ì¤„ ì¶”ê°€: 18:00
2025-06-27 16:01:12 | INFO     | src.utils.scheduler:_setup_default_schedules:77 - âœ… ì´ 19ê°œ ì•Œë¦¼ ì‹œê°„ ì„¤ì • ì™„ë£Œ (30ë¶„ ê°„ê²©)
2025-06-27 16:01:12 | INFO     | src.utils.scheduler:start:49 - ë‰´ìŠ¤ ìŠ¤ì¼€ì¤„ëŸ¬ ì‹œìž‘ë¨
2025-06-27 16:01:12 | INFO     | src.bot.telegram_bot:_post_init:77 - ë‰´ìŠ¤ ìŠ¤ì¼€ì¤„ëŸ¬ ì‹œìž‘ë¨
2025-06-27 16:01:12 | INFO     | src.utils.news_monitor:start_monitoring:39 - ðŸ” ë‰´ìŠ¤ ëª¨ë‹ˆí„°ë§ ì‹œìž‘ - 300ì´ˆë§ˆë‹¤ ì²´í¬, 3ê°œ ì´ìƒ ìƒˆ ë‰´ìŠ¤ì‹œ ì•Œë¦¼
2025-06-27 16:01:12 | INFO     | src.bot.telegram_bot:_post_init:81 - ë‰´ìŠ¤ ëª¨ë‹ˆí„°ë§ ì‹œìž‘ë¨
2025-06-27 16:01:12 | DEBUG    | src.crawler.news_crawler:_crawl_naver_finance:101 - 'a[href*="/news/news_read"]' ì…€ë ‰í„°ë¡œ 6ê°œ ë‰´ìŠ¤ ë°œê²¬
2025-06-27 16:01:12 | INFO     | src.crawler.news_crawler:_crawl_naver_finance:170 - ë„¤ì´ë²„ ì¦ê¶Œì—ì„œ 5ê°œ ë‰´ìŠ¤ ìˆ˜ì§‘
2025-06-27 16:01:12 | INFO     | src.utils.news_monitor:_initialize_known_news:81 - ðŸ“‹ ê¸°ì¡´ ë‰´ìŠ¤ 5ê°œë¡œ ëª¨ë‹ˆí„°ë§ ì´ˆê¸°í™”
2025-06-27 16:01:12 | DEBUG    | src.crawler.news_crawler:_crawl_naver_finance:101 - 'a[href*="/news/news_read"]' ì…€ë ‰í„°ë¡œ 6ê°œ ë‰´ìŠ¤ ë°œê²¬
2025-06-27 16:01:12 | INFO     | src.crawler.news_crawler:_crawl_naver_finance:170 - ë„¤ì´ë²„ ì¦ê¶Œì—ì„œ 5ê°œ ë‰´ìŠ¤ ìˆ˜ì§‘
2025-06-27 16:01:47 | INFO     | src.bot.telegram_bot:_init_scheduler:60 - ë‰´ìŠ¤ ìŠ¤ì¼€ì¤„ëŸ¬ ì´ˆê¸°í™” ì™„ë£Œ
2025-06-27 16:01:47 | INFO     | src.bot.telegram_bot:_init_news_monitor:69 - ë‰´ìŠ¤ ëª¨ë‹ˆí„° ì´ˆê¸°í™” ì™„ë£Œ
2025-06-27 16:01:47 | INFO     | src.bot.telegram_bot:_setup_handlers:118 - í•¸ë“¤ëŸ¬ ì„¤ì • ì™„ë£Œ
2025-06-27 16:01:47 | INFO     | src.bot.telegram_bot:__init__:53 - StockNewsBot ì´ˆê¸°í™” ì™„ë£Œ
2025-06-27 16:01:47 | INFO     | __main__:main:79 - ë´‡ ì´ˆê¸°í™” ì™„ë£Œ, ì‹¤í–‰ ì¤‘...
2025-06-27 16:01:48 | INFO     | src.utils.scheduler:_setup_default_schedules:64 - ðŸ“… 30ë¶„ ê°„ê²© ë‰´ìŠ¤ ì•Œë¦¼ ìŠ¤ì¼€ì¤„ ì„¤ì • ì¤‘...
2025-06-27 16:01:48 | INFO     | src.utils.scheduler:_setup_default_schedules:75 - â° ë‰´ìŠ¤ ì•Œë¦¼ ìŠ¤ì¼€ì¤„ ì¶”ê°€: 09:00
2025-06-27 16:01:48 | INFO     | src.utils.scheduler:_setup_default_schedules:75 - â° ë‰´ìŠ¤ ì•Œë¦¼ ìŠ¤ì¼€ì¤„ ì¶”ê°€: 09:30
2025-06-27 16:01:48 | INFO     | src.utils.scheduler:_setup_default_schedules:75 - â° ë‰´ìŠ¤ ì•Œë¦¼ ìŠ¤ì¼€ì¤„ ì¶”ê°€: 10:00
2025-06-27 16:01:48 | INFO     | src.utils.scheduler:_setup_default_schedules:75 - â° ë‰´ìŠ¤ ì•Œë¦¼ ìŠ¤ì¼€ì¤„ ì¶”ê°€: 10:30
2025-06-27 16:01:48 | INFO     | src.utils.scheduler:_setup_default_schedules:75 - â° ë‰´ìŠ¤ ì•Œë¦¼ ìŠ¤ì¼€ì¤„ ì¶”ê°€: 11:00
2025-06-27 16:01:48 | INFO     | src.utils.scheduler:_setup_default_schedules:75 - â° ë‰´ìŠ¤ ì•Œë¦¼ ìŠ¤ì¼€ì¤„ ì¶”ê°€: 11:30
2025-06-27 16:01:48 | INFO     | src.utils.scheduler:_setup_default_schedules:75 - â° ë‰´ìŠ¤ ì•Œë¦¼ ìŠ¤ì¼€ì¤„ ì¶”ê°€: 12:00
2025-06-27 16:01:48 | INFO     | src.utils.scheduler:_setup_default_schedules:75 - â° ë‰´ìŠ¤ ì•Œë¦¼ ìŠ¤ì¼€ì¤„ ì¶”ê°€: 12:30
2025-06-27 16:01:48 | INFO     | src.utils.scheduler:_setup_default_schedules:75 - â° ë‰´ìŠ¤ ì•Œë¦¼ ìŠ¤ì¼€ì¤„ ì¶”ê°€: 13:00
2025-06-27 16:01:48 | INFO     | src.utils.scheduler:_setup_default_schedules:75 - â° ë‰´ìŠ¤ ì•Œë¦¼ ìŠ¤ì¼€ì¤„ ì¶”ê°€: 13:30
2025-06-27 16:01:48 | INFO     | src.utils.scheduler:_setup_default_schedules:75 - â° ë‰´ìŠ¤ ì•Œë¦¼ ìŠ¤ì¼€ì¤„ ì¶”ê°€: 14:00
2025-06-27 16:01:48 | INFO     | src.utils.scheduler:_setup_default_schedules:75 - â° ë‰´ìŠ¤ ì•Œë¦¼ ìŠ¤ì¼€ì¤„ ì¶”ê°€: 14:30
2025-06-27 16:01:48 | INFO     | src.utils.scheduler:_setup_default_schedules:75 - â° ë‰´ìŠ¤ ì•Œë¦¼ ìŠ¤ì¼€ì¤„ ì¶”ê°€: 15:00
2025-06-27 16:01:48 | INFO     | src.utils.scheduler:_setup_default_schedules:75 - â° ë‰´ìŠ¤ ì•Œë¦¼ ìŠ¤ì¼€ì¤„ ì¶”ê°€: 15:30
2025-06-27 16:01:48 | INFO     | src.utils.scheduler:_setup_default_schedules:75 - â° ë‰´ìŠ¤ ì•Œë¦¼ ìŠ¤ì¼€ì¤„ ì¶”ê°€: 16:00
2025-06-27 16:01:48 | INFO     | src.utils.scheduler:_setup_default_schedules:75 - â° ë‰´ìŠ¤ ì•Œë¦¼ ìŠ¤ì¼€ì¤„ ì¶”ê°€: 16:30
2025-06-27 16:01:48 | INFO     | src.utils.scheduler:_setup_default_schedules:75 - â° ë‰´ìŠ¤ ì•Œë¦¼ ìŠ¤ì¼€ì¤„ ì¶”ê°€: 17:00
2025-06-27 16:01:48 | INFO     | src.utils.scheduler:_setup_default_schedules:75 - â° ë‰´ìŠ¤ ì•Œë¦¼ ìŠ¤ì¼€ì¤„ ì¶”ê°€: 17:30
2025-06-27 16:01:48 | INFO     | src.utils.scheduler:_setup_default_schedules:75 - â° ë‰´ìŠ¤ ì•Œë¦¼ ìŠ¤ì¼€ì¤„ ì¶”ê°€: 18:00
2025-06-27 16:01:48 | INFO     | src.utils.scheduler:_setup_default_schedules:77 - âœ… ì´ 19ê°œ ì•Œë¦¼ ì‹œê°„ ì„¤ì • ì™„ë£Œ (30ë¶„ ê°„ê²©)
2025-06-27 16:01:48 | INFO     | src.utils.scheduler:start:49 - ë‰´ìŠ¤ ìŠ¤ì¼€ì¤„ëŸ¬ ì‹œìž‘ë¨
2025-06-27 16:01:48 | INFO     | src.bot.telegram_bot:_post_init:77 - ë‰´ìŠ¤ ìŠ¤ì¼€ì¤„ëŸ¬ ì‹œìž‘ë¨
2025-06-27 16:01:48 | INFO     | src.utils.news_monitor:start_monitoring:39 - ðŸ” ë‰´ìŠ¤ ëª¨ë‹ˆí„°ë§ ì‹œìž‘ - 300ì´ˆë§ˆë‹¤ ì²´í¬, 3ê°œ ì´ìƒ ìƒˆ ë‰´ìŠ¤ì‹œ ì•Œë¦¼
2025-06-27 16:01:48 | INFO     | src.bot.telegram_bot:_post_init:81 - ë‰´ìŠ¤ ëª¨ë‹ˆí„°ë§ ì‹œìž‘ë¨
2025-06-27 16:01:49 | DEBUG    | src.crawler.news_crawler:_crawl_naver_finance:101 - 'a[href*="/news/news_read"]' ì…€ë ‰í„°ë¡œ 6ê°œ ë‰´ìŠ¤ ë°œê²¬
2025-06-27 16:01:49 | INFO     | src.crawler.news_crawler:_crawl_naver_finance:170 - ë„¤ì´ë²„ ì¦ê¶Œì—ì„œ 5ê°œ ë‰´ìŠ¤ ìˆ˜ì§‘
2025-06-27 16:01:49 | INFO     | src.utils.news_monitor:_initialize_known_news:81 - ðŸ“‹ ê¸°ì¡´ ë‰´ìŠ¤ 5ê°œë¡œ ëª¨ë‹ˆí„°ë§ ì´ˆê¸°í™”
2025-06-27 16:01:49 | DEBUG    | src.crawler.news_crawler:_crawl_naver_finance:101 - 'a[href*="/news/news_read"]' ì…€ë ‰í„°ë¡œ 6ê°œ ë‰´ìŠ¤ ë°œê²¬
2025-06-27 16:01:49 | INFO     | src.crawler.news_crawler:_crawl_naver_finance:170 - ë„¤ì´ë²„ ì¦ê¶Œì—ì„œ 5ê°œ ë‰´ìŠ¤ ìˆ˜ì§‘
2025-06-27 16:02:40 | INFO     | src.utils.scheduler:add_subscriber:189 - êµ¬ë…ìž ì¶”ê°€: 6471017960, ì•Œë¦¼ì‹œê°„: ['09:00', '09:30', '10:00', '10:30', '11:00', '11:30', '12:00', '12:30', '13:00', '13:30', '14:00', '14:30', '15:00', '15:30', '16:00', '16:30', '17:00', '17:30', '18:00']
2025-06-27 16:02:40 | INFO     | src.utils.scheduler:toggle_subscriber:208 - êµ¬ë…ìž 6471017960 ì•Œë¦¼ í™œì„±í™”
2025-06-27 16:02:41 | INFO     | src.bot.telegram_bot:monitor_on_command:564 - ì‚¬ìš©ìž 6471017960 ë‰´ìŠ¤ ëª¨ë‹ˆí„°ë§ í™œì„±í™”
2025-06-27 16:03:03 | INFO     | src.utils.news_monitor:set_threshold:227 - ðŸ”§ ì•Œë¦¼ ìž„ê³„ê°’ ë³€ê²½: 5ê°œ ë‰´ìŠ¤
2025-06-27 16:03:04 | INFO     | src.bot.telegram_bot:set_threshold_command:695 - ì‚¬ìš©ìž 6471017960 ìž„ê³„ê°’ ë³€ê²½: 3 -> 5
